MyURJC/android/app/build/intermediates/manifest_merge_blame_file/debug/manifest-merger-blame-debug-report.txt
1<?xml version="1.0" encoding="utf-8"?>
2<manifest xmlns:android="http://schemas.android.com/apk/res/android"
3    package="io.ionic.starter"
4    android:versionCode="1"
5    android:versionName="1.0" > <!-- The minimum SDK version that your application can support. -->
6    <uses-sdk
6-->src/main/AndroidManifest.xml:44:5-43
7        android:minSdkVersion="22"
7-->src/main/AndroidManifest.xml:44:15-41
8        android:targetSdkVersion="34" />
9
10    <!-- Permissions -->
11
12    <uses-permission android:name="android.permission.INTERNET" />
12-->src/main/AndroidManifest.xml:40:5-67
12-->src/main/AndroidManifest.xml:40:22-64
13    <!-- To get access to the NFC hardware. -->
14    <uses-permission android:name="android.permission.NFC" />
14-->src/main/AndroidManifest.xml:42:5-62
14-->src/main/AndroidManifest.xml:42:22-59
15    <!-- (Optional) This will ensure that your app appears in Google Play only for devices with NFC hardware. -->
16    <uses-feature
16-->src/main/AndroidManifest.xml:46:5-81
17        android:name="android.hardware.nfc"
17-->src/main/AndroidManifest.xml:46:19-54
18        android:required="true" />
18-->src/main/AndroidManifest.xml:46:55-78
19
20    <uses-permission android:name="android.permission.POST_NOTIFICATIONS" />
20-->[:capacitor-firebase-messaging] AndroidManifest.xml:7:5-77
20-->[:capacitor-firebase-messaging] AndroidManifest.xml:7:22-74
21    <uses-permission android:name="android.permission.VIBRATE" />
21-->[:capacitor-haptics] AndroidManifest.xml:7:5-66
21-->[:capacitor-haptics] AndroidManifest.xml:7:22-63
22    <uses-permission android:name="android.permission.BLUETOOTH" />
22-->[:capacitor-cordova-android-plugins] AndroidManifest.xml:8:5-68
22-->[:capacitor-cordova-android-plugins] AndroidManifest.xml:8:22-65
23    <uses-permission android:name="android.permission.BLUETOOTH_ADMIN" />
23-->[:capacitor-cordova-android-plugins] AndroidManifest.xml:9:5-74
23-->[:capacitor-cordova-android-plugins] AndroidManifest.xml:9:22-71
24    <uses-permission android:name="android.permission.BLUETOOTH_SCAN" />
24-->[:capacitor-cordova-android-plugins] AndroidManifest.xml:10:5-73
24-->[:capacitor-cordova-android-plugins] AndroidManifest.xml:10:22-70
25    <uses-permission android:name="android.permission.BLUETOOTH_CONNECT" />
25-->[:capacitor-cordova-android-plugins] AndroidManifest.xml:11:5-76
25-->[:capacitor-cordova-android-plugins] AndroidManifest.xml:11:22-73
26    <uses-permission android:name="android.permission.BLUETOOTH_ADVERTISE" />
26-->[:capacitor-cordova-android-plugins] AndroidManifest.xml:12:5-78
26-->[:capacitor-cordova-android-plugins] AndroidManifest.xml:12:22-75
27    <uses-permission android:name="android.permission.ACCESS_FINE_LOCATION" />
27-->[:capacitor-cordova-android-plugins] AndroidManifest.xml:13:5-79
27-->[:capacitor-cordova-android-plugins] AndroidManifest.xml:13:22-76
28    <uses-permission android:name="android.permission.ACCESS_COARSE_LOCATION" />
28-->[:capacitor-cordova-android-plugins] AndroidManifest.xml:14:5-81
28-->[:capacitor-cordova-android-plugins] AndroidManifest.xml:14:22-78
29    <uses-permission android:name="android.permission.ACCESS_NETWORK_STATE" />
29-->[com.google.firebase:firebase-messaging:23.4.1] AndroidManifest.xml:22:5-79
29-->[com.google.firebase:firebase-messaging:23.4.1] AndroidManifest.xml:22:22-76
30    <uses-permission android:name="android.permission.WAKE_LOCK" /> <!-- Required by older versions of Google Play services to create IID tokens -->
30-->[com.google.firebase:firebase-messaging:23.4.1] AndroidManifest.xml:24:5-68
30-->[com.google.firebase:firebase-messaging:23.4.1] AndroidManifest.xml:24:22-65
31    <uses-permission android:name="com.google.android.c2dm.permission.RECEIVE" />
31-->[com.google.firebase:firebase-messaging:23.4.1] AndroidManifest.xml:26:5-82
31-->[com.google.firebase:firebase-messaging:23.4.1] AndroidManifest.xml:26:22-79
32
33    <permission
33-->[androidx.core:core:1.12.0] AndroidManifest.xml:22:5-24:47
34        android:name="io.ionic.starter.DYNAMIC_RECEIVER_NOT_EXPORTED_PERMISSION"
34-->[androidx.core:core:1.12.0] AndroidManifest.xml:23:9-81
35        android:protectionLevel="signature" />
35-->[androidx.core:core:1.12.0] AndroidManifest.xml:24:9-44
36
37    <uses-permission android:name="io.ionic.starter.DYNAMIC_RECEIVER_NOT_EXPORTED_PERMISSION" />
37-->[androidx.core:core:1.12.0] AndroidManifest.xml:26:5-97
37-->[androidx.core:core:1.12.0] AndroidManifest.xml:26:22-94
38
39    <application
39-->src/main/AndroidManifest.xml:4:5-36:19
40        android:allowBackup="true"
40-->src/main/AndroidManifest.xml:5:9-35
41        android:appComponentFactory="androidx.core.app.CoreComponentFactory"
41-->[androidx.core:core:1.12.0] AndroidManifest.xml:28:18-86
42        android:debuggable="true"
43        android:extractNativeLibs="true"
44        android:icon="@mipmap/ic_launcher"
44-->src/main/AndroidManifest.xml:6:9-43
45        android:label="@string/app_name"
45-->src/main/AndroidManifest.xml:7:9-41
46        android:roundIcon="@mipmap/ic_launcher_round"
46-->src/main/AndroidManifest.xml:8:9-54
47        android:supportsRtl="true"
47-->src/main/AndroidManifest.xml:9:9-35
48        android:testOnly="true"
49        android:theme="@style/AppTheme"
49-->src/main/AndroidManifest.xml:10:9-40
50        android:usesCleartextTraffic="true" >
50-->[:capacitor-cordova-android-plugins] AndroidManifest.xml:16:18-53
51        <activity
51-->src/main/AndroidManifest.xml:12:9-25:20
52            android:name="io.ionic.starter.MainActivity"
52-->src/main/AndroidManifest.xml:14:13-41
53            android:configChanges="orientation|keyboardHidden|keyboard|screenSize|locale|smallestScreenSize|screenLayout|uiMode"
53-->src/main/AndroidManifest.xml:13:13-129
54            android:exported="true"
54-->src/main/AndroidManifest.xml:18:13-36
55            android:label="@string/title_activity_main"
55-->src/main/AndroidManifest.xml:15:13-56
56            android:launchMode="singleTask"
56-->src/main/AndroidManifest.xml:17:13-44
57            android:theme="@style/AppTheme.NoActionBarLaunch" >
57-->src/main/AndroidManifest.xml:16:13-62
58            <intent-filter>
58-->src/main/AndroidManifest.xml:20:13-23:29
59                <action android:name="android.intent.action.MAIN" />
59-->src/main/AndroidManifest.xml:21:17-69
59-->src/main/AndroidManifest.xml:21:25-66
60
61                <category android:name="android.intent.category.LAUNCHER" />
61-->src/main/AndroidManifest.xml:22:17-77
61-->src/main/AndroidManifest.xml:22:27-74
62            </intent-filter>
63        </activity>
64
65        <provider
66            android:name="androidx.core.content.FileProvider"
66-->src/main/AndroidManifest.xml:28:13-62
67            android:authorities="io.ionic.starter.fileprovider"
67-->src/main/AndroidManifest.xml:29:13-64
68            android:exported="false"
68-->src/main/AndroidManifest.xml:30:13-37
69            android:grantUriPermissions="true" >
69-->src/main/AndroidManifest.xml:31:13-47
70            <meta-data
70-->src/main/AndroidManifest.xml:32:13-34:64
71                android:name="android.support.FILE_PROVIDER_PATHS"
71-->src/main/AndroidManifest.xml:33:17-67
72                android:resource="@xml/file_paths" />
72-->src/main/AndroidManifest.xml:34:17-51
73        </provider>
74
75        <service
75-->[:capacitor-firebase-messaging] AndroidManifest.xml:10:9-16:19
76            android:name="io.capawesome.capacitorjs.plugins.firebase.messaging.MessagingService"
76-->[:capacitor-firebase-messaging] AndroidManifest.xml:11:13-97
77            android:exported="false" >
77-->[:capacitor-firebase-messaging] AndroidManifest.xml:12:13-37
78            <intent-filter>
78-->[:capacitor-firebase-messaging] AndroidManifest.xml:13:13-15:29
79                <action android:name="com.google.firebase.MESSAGING_EVENT" />
79-->[:capacitor-firebase-messaging] AndroidManifest.xml:14:17-78
79-->[:capacitor-firebase-messaging] AndroidManifest.xml:14:25-75
80            </intent-filter>
81        </service>
82        <service
82-->[:capacitor-push-notifications] AndroidManifest.xml:8:9-14:19
83            android:name="com.capacitorjs.plugins.pushnotifications.MessagingService"
83-->[:capacitor-push-notifications] AndroidManifest.xml:9:13-86
84            android:exported="false" >
84-->[:capacitor-push-notifications] AndroidManifest.xml:10:13-37
85            <intent-filter>
85-->[:capacitor-firebase-messaging] AndroidManifest.xml:13:13-15:29
86                <action android:name="com.google.firebase.MESSAGING_EVENT" />
86-->[:capacitor-firebase-messaging] AndroidManifest.xml:14:17-78
86-->[:capacitor-firebase-messaging] AndroidManifest.xml:14:25-75
87            </intent-filter>
88        </service>
89
90        <receiver
90-->[com.google.firebase:firebase-messaging:23.4.1] AndroidManifest.xml:29:9-40:20
91            android:name="com.google.firebase.iid.FirebaseInstanceIdReceiver"
91-->[com.google.firebase:firebase-messaging:23.4.1] AndroidManifest.xml:30:13-78
92            android:exported="true"
92-->[com.google.firebase:firebase-messaging:23.4.1] AndroidManifest.xml:31:13-36
93            android:permission="com.google.android.c2dm.permission.SEND" >
93-->[com.google.firebase:firebase-messaging:23.4.1] AndroidManifest.xml:32:13-73
94            <intent-filter>
94-->[com.google.firebase:firebase-messaging:23.4.1] AndroidManifest.xml:33:13-35:29
95                <action android:name="com.google.android.c2dm.intent.RECEIVE" />
95-->[com.google.firebase:firebase-messaging:23.4.1] AndroidManifest.xml:34:17-81
95-->[com.google.firebase:firebase-messaging:23.4.1] AndroidManifest.xml:34:25-78
96            </intent-filter>
97
98            <meta-data
98-->[com.google.firebase:firebase-messaging:23.4.1] AndroidManifest.xml:37:13-39:40
99                android:name="com.google.android.gms.cloudmessaging.FINISHED_AFTER_HANDLED"
99-->[com.google.firebase:firebase-messaging:23.4.1] AndroidManifest.xml:38:17-92
100                android:value="true" />
100-->[com.google.firebase:firebase-messaging:23.4.1] AndroidManifest.xml:39:17-37
101        </receiver>
102        <!--
103             FirebaseMessagingService performs security checks at runtime,
104             but set to not exported to explicitly avoid allowing another app to call it.
105        -->
106        <service
106-->[com.google.firebase:firebase-messaging:23.4.1] AndroidManifest.xml:46:9-53:19
107            android:name="com.google.firebase.messaging.FirebaseMessagingService"
107-->[com.google.firebase:firebase-messaging:23.4.1] AndroidManifest.xml:47:13-82
108            android:directBootAware="true"
108-->[com.google.firebase:firebase-messaging:23.4.1] AndroidManifest.xml:48:13-43
109            android:exported="false" >
109-->[com.google.firebase:firebase-messaging:23.4.1] AndroidManifest.xml:49:13-37
110            <intent-filter android:priority="-500" >
110-->[:capacitor-firebase-messaging] AndroidManifest.xml:13:13-15:29
111                <action android:name="com.google.firebase.MESSAGING_EVENT" />
111-->[:capacitor-firebase-messaging] AndroidManifest.xml:14:17-78
111-->[:capacitor-firebase-messaging] AndroidManifest.xml:14:25-75
112            </intent-filter>
113        </service>
114        <service
114-->[com.google.firebase:firebase-messaging:23.4.1] AndroidManifest.xml:54:9-63:19
115            android:name="com.google.firebase.components.ComponentDiscoveryService"
115-->[com.google.firebase:firebase-messaging:23.4.1] AndroidManifest.xml:55:13-84
116            android:directBootAware="true"
116-->[com.google.firebase:firebase-common:20.4.2] AndroidManifest.xml:32:13-43
117            android:exported="false" >
117-->[com.google.firebase:firebase-messaging:23.4.1] AndroidManifest.xml:56:13-37
118            <meta-data
118-->[com.google.firebase:firebase-messaging:23.4.1] AndroidManifest.xml:57:13-59:85
119                android:name="com.google.firebase.components:com.google.firebase.messaging.FirebaseMessagingKtxRegistrar"
119-->[com.google.firebase:firebase-messaging:23.4.1] AndroidManifest.xml:58:17-122
120                android:value="com.google.firebase.components.ComponentRegistrar" />
120-->[com.google.firebase:firebase-messaging:23.4.1] AndroidManifest.xml:59:17-82
121            <meta-data
121-->[com.google.firebase:firebase-messaging:23.4.1] AndroidManifest.xml:60:13-62:85
122                android:name="com.google.firebase.components:com.google.firebase.messaging.FirebaseMessagingRegistrar"
122-->[com.google.firebase:firebase-messaging:23.4.1] AndroidManifest.xml:61:17-119
123                android:value="com.google.firebase.components.ComponentRegistrar" />
123-->[com.google.firebase:firebase-messaging:23.4.1] AndroidManifest.xml:62:17-82
124            <meta-data
124-->[com.google.firebase:firebase-installations:17.2.0] AndroidManifest.xml:15:13-17:85
125                android:name="com.google.firebase.components:com.google.firebase.installations.FirebaseInstallationsKtxRegistrar"
125-->[com.google.firebase:firebase-installations:17.2.0] AndroidManifest.xml:16:17-130
126                android:value="com.google.firebase.components.ComponentRegistrar" />
126-->[com.google.firebase:firebase-installations:17.2.0] AndroidManifest.xml:17:17-82
127            <meta-data
127-->[com.google.firebase:firebase-installations:17.2.0] AndroidManifest.xml:18:13-20:85
128                android:name="com.google.firebase.components:com.google.firebase.installations.FirebaseInstallationsRegistrar"
128-->[com.google.firebase:firebase-installations:17.2.0] AndroidManifest.xml:19:17-127
129                android:value="com.google.firebase.components.ComponentRegistrar" />
129-->[com.google.firebase:firebase-installations:17.2.0] AndroidManifest.xml:20:17-82
130            <meta-data
130-->[com.google.firebase:firebase-common-ktx:20.4.2] AndroidManifest.xml:12:13-14:85
131                android:name="com.google.firebase.components:com.google.firebase.ktx.FirebaseCommonLegacyRegistrar"
131-->[com.google.firebase:firebase-common-ktx:20.4.2] AndroidManifest.xml:13:17-116
132                android:value="com.google.firebase.components.ComponentRegistrar" />
132-->[com.google.firebase:firebase-common-ktx:20.4.2] AndroidManifest.xml:14:17-82
133            <meta-data
133-->[com.google.firebase:firebase-common:20.4.2] AndroidManifest.xml:35:13-37:85
134                android:name="com.google.firebase.components:com.google.firebase.FirebaseCommonKtxRegistrar"
134-->[com.google.firebase:firebase-common:20.4.2] AndroidManifest.xml:36:17-109
135                android:value="com.google.firebase.components.ComponentRegistrar" />
135-->[com.google.firebase:firebase-common:20.4.2] AndroidManifest.xml:37:17-82
136            <meta-data
136-->[com.google.firebase:firebase-datatransport:18.1.7] AndroidManifest.xml:27:13-29:85
137                android:name="com.google.firebase.components:com.google.firebase.datatransport.TransportRegistrar"
137-->[com.google.firebase:firebase-datatransport:18.1.7] AndroidManifest.xml:28:17-115
138                android:value="com.google.firebase.components.ComponentRegistrar" />
138-->[com.google.firebase:firebase-datatransport:18.1.7] AndroidManifest.xml:29:17-82
139        </service>
140
141        <provider
141-->[com.google.firebase:firebase-common:20.4.2] AndroidManifest.xml:23:9-28:39
142            android:name="com.google.firebase.provider.FirebaseInitProvider"
142-->[com.google.firebase:firebase-common:20.4.2] AndroidManifest.xml:24:13-77
143            android:authorities="io.ionic.starter.firebaseinitprovider"
143-->[com.google.firebase:firebase-common:20.4.2] AndroidManifest.xml:25:13-72
144            android:directBootAware="true"
144-->[com.google.firebase:firebase-common:20.4.2] AndroidManifest.xml:26:13-43
145            android:exported="false"
145-->[com.google.firebase:firebase-common:20.4.2] AndroidManifest.xml:27:13-37
146            android:initOrder="100" />
146-->[com.google.firebase:firebase-common:20.4.2] AndroidManifest.xml:28:13-36
147
148        <activity
148-->[com.google.android.gms:play-services-base:18.1.0] AndroidManifest.xml:20:9-22:45
149            android:name="com.google.android.gms.common.api.GoogleApiActivity"
149-->[com.google.android.gms:play-services-base:18.1.0] AndroidManifest.xml:20:19-85
150            android:exported="false"
150-->[com.google.android.gms:play-services-base:18.1.0] AndroidManifest.xml:22:19-43
151            android:theme="@android:style/Theme.Translucent.NoTitleBar" />
151-->[com.google.android.gms:play-services-base:18.1.0] AndroidManifest.xml:21:19-78
152
153        <provider
153-->[androidx.emoji2:emoji2:1.2.0] AndroidManifest.xml:24:9-32:20
154            android:name="androidx.startup.InitializationProvider"
154-->[androidx.emoji2:emoji2:1.2.0] AndroidManifest.xml:25:13-67
155            android:authorities="io.ionic.starter.androidx-startup"
155-->[androidx.emoji2:emoji2:1.2.0] AndroidManifest.xml:26:13-68
156            android:exported="false" >
156-->[androidx.emoji2:emoji2:1.2.0] AndroidManifest.xml:27:13-37
157            <meta-data
157-->[androidx.emoji2:emoji2:1.2.0] AndroidManifest.xml:29:13-31:52
158                android:name="androidx.emoji2.text.EmojiCompatInitializer"
158-->[androidx.emoji2:emoji2:1.2.0] AndroidManifest.xml:30:17-75
159                android:value="androidx.startup" />
159-->[androidx.emoji2:emoji2:1.2.0] AndroidManifest.xml:31:17-49
160            <meta-data
160-->[androidx.lifecycle:lifecycle-process:2.6.1] AndroidManifest.xml:29:13-31:52
161                android:name="androidx.lifecycle.ProcessLifecycleInitializer"
161-->[androidx.lifecycle:lifecycle-process:2.6.1] AndroidManifest.xml:30:17-78
162                android:value="androidx.startup" />
162-->[androidx.lifecycle:lifecycle-process:2.6.1] AndroidManifest.xml:31:17-49
163            <meta-data
163-->[androidx.profileinstaller:profileinstaller:1.3.0] AndroidManifest.xml:29:13-31:52
164                android:name="androidx.profileinstaller.ProfileInstallerInitializer"
164-->[androidx.profileinstaller:profileinstaller:1.3.0] AndroidManifest.xml:30:17-85
165                android:value="androidx.startup" />
165-->[androidx.profileinstaller:profileinstaller:1.3.0] AndroidManifest.xml:31:17-49
166        </provider>
167
168        <meta-data
168-->[com.google.android.gms:play-services-basement:18.1.0] AndroidManifest.xml:21:9-23:69
169            android:name="com.google.android.gms.version"
169-->[com.google.android.gms:play-services-basement:18.1.0] AndroidManifest.xml:22:13-58
170            android:value="@integer/google_play_services_version" />
170-->[com.google.android.gms:play-services-basement:18.1.0] AndroidManifest.xml:23:13-66
171
172        <receiver
172-->[androidx.profileinstaller:profileinstaller:1.3.0] AndroidManifest.xml:34:9-52:20
173            android:name="androidx.profileinstaller.ProfileInstallReceiver"
173-->[androidx.profileinstaller:profileinstaller:1.3.0] AndroidManifest.xml:35:13-76
174            android:directBootAware="false"
174-->[androidx.profileinstaller:profileinstaller:1.3.0] AndroidManifest.xml:36:13-44
175            android:enabled="true"
175-->[androidx.profileinstaller:profileinstaller:1.3.0] AndroidManifest.xml:37:13-35
176            android:exported="true"
176-->[androidx.profileinstaller:profileinstaller:1.3.0] AndroidManifest.xml:38:13-36
177            android:permission="android.permission.DUMP" >
177-->[androidx.profileinstaller:profileinstaller:1.3.0] AndroidManifest.xml:39:13-57
178            <intent-filter>
178-->[androidx.profileinstaller:profileinstaller:1.3.0] AndroidManifest.xml:40:13-42:29
179                <action android:name="androidx.profileinstaller.action.INSTALL_PROFILE" />
179-->[androidx.profileinstaller:profileinstaller:1.3.0] AndroidManifest.xml:41:17-91
179-->[androidx.profileinstaller:profileinstaller:1.3.0] AndroidManifest.xml:41:25-88
180            </intent-filter>
181            <intent-filter>
181-->[androidx.profileinstaller:profileinstaller:1.3.0] AndroidManifest.xml:43:13-45:29
182                <action android:name="androidx.profileinstaller.action.SKIP_FILE" />
182-->[androidx.profileinstaller:profileinstaller:1.3.0] AndroidManifest.xml:44:17-85
182-->[androidx.profileinstaller:profileinstaller:1.3.0] AndroidManifest.xml:44:25-82
183            </intent-filter>
184            <intent-filter>
184-->[androidx.profileinstaller:profileinstaller:1.3.0] AndroidManifest.xml:46:13-48:29
185                <action android:name="androidx.profileinstaller.action.SAVE_PROFILE" />
185-->[androidx.profileinstaller:profileinstaller:1.3.0] AndroidManifest.xml:47:17-88
185-->[androidx.profileinstaller:profileinstaller:1.3.0] AndroidManifest.xml:47:25-85
186            </intent-filter>
187            <intent-filter>
187-->[androidx.profileinstaller:profileinstaller:1.3.0] AndroidManifest.xml:49:13-51:29
188                <action android:name="androidx.profileinstaller.action.BENCHMARK_OPERATION" />
188-->[androidx.profileinstaller:profileinstaller:1.3.0] AndroidManifest.xml:50:17-95
188-->[androidx.profileinstaller:profileinstaller:1.3.0] AndroidManifest.xml:50:25-92
189            </intent-filter>
190        </receiver>
191
192        <service
192-->[com.google.android.datatransport:transport-backend-cct:3.1.8] AndroidManifest.xml:28:9-34:19
193            android:name="com.google.android.datatransport.runtime.backends.TransportBackendDiscovery"
193-->[com.google.android.datatransport:transport-backend-cct:3.1.8] AndroidManifest.xml:29:13-103
194            android:exported="false" >
194-->[com.google.android.datatransport:transport-backend-cct:3.1.8] AndroidManifest.xml:30:13-37
195            <meta-data
195-->[com.google.android.datatransport:transport-backend-cct:3.1.8] AndroidManifest.xml:31:13-33:39
196                android:name="backend:com.google.android.datatransport.cct.CctBackendFactory"
196-->[com.google.android.datatransport:transport-backend-cct:3.1.8] AndroidManifest.xml:32:17-94
197                android:value="cct" />
197-->[com.google.android.datatransport:transport-backend-cct:3.1.8] AndroidManifest.xml:33:17-36
198        </service>
199        <service
199-->[com.google.android.datatransport:transport-runtime:3.1.8] AndroidManifest.xml:26:9-30:19
200            android:name="com.google.android.datatransport.runtime.scheduling.jobscheduling.JobInfoSchedulerService"
200-->[com.google.android.datatransport:transport-runtime:3.1.8] AndroidManifest.xml:27:13-117
201            android:exported="false"
201-->[com.google.android.datatransport:transport-runtime:3.1.8] AndroidManifest.xml:28:13-37
202            android:permission="android.permission.BIND_JOB_SERVICE" >
202-->[com.google.android.datatransport:transport-runtime:3.1.8] AndroidManifest.xml:29:13-69
203        </service>
204
205        <receiver
205-->[com.google.android.datatransport:transport-runtime:3.1.8] AndroidManifest.xml:32:9-34:40
206            android:name="com.google.android.datatransport.runtime.scheduling.jobscheduling.AlarmManagerSchedulerBroadcastReceiver"
206-->[com.google.android.datatransport:transport-runtime:3.1.8] AndroidManifest.xml:33:13-132
207            android:exported="false" />
207-->[com.google.android.datatransport:transport-runtime:3.1.8] AndroidManifest.xml:34:13-37
208    </application>
209
210</manifest>